{"C:\\Users\\Maria Laura\\OneDrive\\Desktop\\ISS4U\\Documents\\D4\\app\\models\\utente.js": {"path":"C:\\Users\\Maria Laura\\OneDrive\\Desktop\\ISS4U\\Documents\\D4\\app\\models\\utente.js","statementMap":{"0":{"start":{"line":1,"column":16},"end":{"line":1,"column":35}},"1":{"start":{"line":3,"column":14},"end":{"line":15,"column":3}},"2":{"start":{"line":17,"column":0},"end":{"line":17,"column":23}}},"fnMap":{},"branchMap":{},"s":{"0":1,"1":1,"2":1},"f":{},"b":{},"_coverageSchema":"1a1c01bbd47fc00a2c39e90264f33305004495a9","hash":"446ce2d4494745496ca827c7134c8f6bdc825f24"}
}
